#
# There is insufficient memory for the Java Runtime Environment to continue.
# Native memory allocation (mmap) failed to map 19333120 bytes for committing reserved memory.
# Possible reasons:
#   The system is out of physical RAM or swap space
#   The process is running with CompressedOops enabled, and the Java Heap may be blocking the growth of the native heap
# Possible solutions:
#   Reduce memory load on the system
#   Increase physical memory or swap space
#   Check if swap backing store is full
#   Decrease Java heap size (-Xmx/-Xms)
#   Decrease number of Java threads
#   Decrease Java thread stack sizes (-Xss)
#   Set larger code cache with -XX:ReservedCodeCacheSize=
#   JVM is running with Unscaled Compressed Oops mode in which the Java heap is
#     placed in the first 4GB address space. The Java Heap base address is the
#     maximum limit for the native heap growth. Please use -XX:HeapBaseMinAddress
#     to set the Java Heap base and to place the Java Heap above 4GB virtual address.
# This output file may be truncated or incomplete.
#
#  Out of Memory Error (os_linux.cpp:2749), pid=28472, tid=0x00007f1c89c5f700
#
# JRE version: Java(TM) SE Runtime Environment (8.0_261-b12) (build 1.8.0_261-b12)
# Java VM: Java HotSpot(TM) 64-Bit Server VM (25.261-b12 mixed mode linux-amd64 compressed oops)
# Failed to write core dump. Core dumps have been disabled. To enable core dumping, try "ulimit -c unlimited" before starting Java again
#

---------------  T H R E A D  ---------------

Current thread (0x00007f1c84096000):  VMThread [stack: 0x00007f1c89b60000,0x00007f1c89c60000] [id=28481]

Stack: [0x00007f1c89b60000,0x00007f1c89c60000],  sp=0x00007f1c89c5e480,  free space=1017k
Native frames: (J=compiled Java code, j=interpreted, Vv=VM code, C=native code)
V  [libjvm.so+0xadd805]  VMError::report_and_die()+0x2e5
V  [libjvm.so+0x4e2a47]  report_vm_out_of_memory(char const*, int, unsigned long, VMErrorType, char const*)+0x67
V  [libjvm.so+0x9176e0]  os::pd_commit_memory(char*, unsigned long, unsigned long, bool)+0x100
V  [libjvm.so+0x90ed0f]  os::commit_memory(char*, unsigned long, unsigned long, bool)+0x1f
V  [libjvm.so+0xada020]  VirtualSpace::expand_by(unsigned long, bool)+0x140
V  [libjvm.so+0x4e865e]  DefNewGeneration::compute_new_size()+0x1fe
V  [libjvm.so+0x5db375]  GenCollectedHeap::do_collection(bool, bool, unsigned long, bool, int)+0xa05
V  [libjvm.so+0x462e5c]  GenCollectorPolicy::satisfy_failed_allocation(unsigned long, bool)+0xfc
V  [libjvm.so+0xade69f]  VM_GenCollectForAllocation::doit()+0x8f
V  [libjvm.so+0xae45a6]  VM_Operation::evaluate()+0x46
V  [libjvm.so+0xae28dd]  VMThread::evaluate_operation(VM_Operation*) [clone .constprop.44]+0xcd
V  [libjvm.so+0xae2ec3]  VMThread::loop()+0x3a3
V  [libjvm.so+0xae3298]  VMThread::run()+0x78
V  [libjvm.so+0x914d12]  java_start(Thread*)+0x102

VM_Operation (0x00007f1c8b3074d0): GenCollectForAllocation, mode: safepoint, requested by thread 0x00007f1c8400a800


---------------  P R O C E S S  ---------------

Java Threads: ( => current thread )
  0x00007f1c840f1800 JavaThread "Service Thread" daemon [_thread_blocked, id=28505, stack(0x00007f1c89285000,0x00007f1c89386000)]
  0x00007f1c840dc800 JavaThread "C1 CompilerThread1" daemon [_thread_blocked, id=28499, stack(0x00007f1c89387000,0x00007f1c89487000)]
  0x00007f1c840da800 JavaThread "C2 CompilerThread0" daemon [_thread_blocked, id=28495, stack(0x00007f1c89488000,0x00007f1c89588000)]
  0x00007f1c840d6000 JavaThread "Signal Dispatcher" daemon [_thread_blocked, id=28491, stack(0x00007f1c89588000,0x00007f1c89689000)]
  0x00007f1c840a4000 JavaThread "Finalizer" daemon [_thread_blocked, id=28489, stack(0x00007f1c8995d000,0x00007f1c89a5e000)]
  0x00007f1c8409f800 JavaThread "Reference Handler" daemon [_thread_blocked, id=28486, stack(0x00007f1c89a5e000,0x00007f1c89b5f000)]
  0x00007f1c8400a800 JavaThread "main" [_thread_blocked, id=28477, stack(0x00007f1c8b20b000,0x00007f1c8b30b000)]

Other Threads:
=>0x00007f1c84096000 VMThread [stack: 0x00007f1c89b60000,0x00007f1c89c60000] [id=28481]
  0x00007f1c840fc800 WatcherThread [stack: 0x00007f1c89185000,0x00007f1c89285000] [id=28508]

VM state:at safepoint (normal execution)

VM Mutex/Monitor currently owned by a thread:  ([mutex/lock_event])
[0x00007f1c84007460] ExpandHeap_lock - owner thread: 0x00007f1c84096000
[0x00007f1c84007ae0] Threads_lock - owner thread: 0x00007f1c84096000
[0x00007f1c84007fe0] Heap_lock - owner thread: 0x00007f1c8400a800

heap address: 0x00000000f8200000, size: 126 MB, Compressed Oops mode: 32-bit
Narrow klass base: 0x0000000000000000, Narrow klass shift: 3
Compressed class space size: 1073741824 Address: 0x0000000100000000

Heap:
 def new generation   total 20224K, used 0K [0x00000000f8200000, 0x00000000f97f0000, 0x00000000fac00000)
  eden space 17984K,   0% used [0x00000000f8200000, 0x00000000f8200000, 0x00000000f9390000)
  from space 2240K,   0% used [0x00000000f95c0000, 0x00000000f95c0000, 0x00000000f97f0000)
  to   space 2240K,   0% used [0x00000000f9390000, 0x00000000f9390000, 0x00000000f95c0000)
 tenured generation   total 82644K, used 43756K [0x00000000fac00000, 0x00000000ffcb5000, 0x0000000100000000)
   the space 82644K,  52% used [0x00000000fac00000, 0x00000000fd6bb378, 0x00000000fd6bb400, 0x00000000ffcb5000)
 Metaspace       used 8101K, capacity 8292K, committed 8576K, reserved 1056768K
  class space    used 980K, capacity 1060K, committed 1152K, reserved 1048576K

Card table byte_map: [0x00007f1c8a788000,0x00007f1c8a7c8000] byte_map_base: 0x00007f1c89fc7000

Polling page: 0x00007f1c8c88e000

CodeCache: size=245760Kb used=2030Kb max_used=2030Kb free=243729Kb
 bounds [0x00007f1c75000000, 0x00007f1c75270000, 0x00007f1c84000000]
 total_blobs=967 nmethods=625 adapters=257
 compilation: enabled

Compilation events (10 events):
Event: 2.275 Thread 0x00007f1c840dc800  620       1       java.util.zip.ZipFile::ensureOpenOrZipException (18 bytes)
Event: 2.275 Thread 0x00007f1c840dc800 nmethod 620 0x00007f1c751fa350 code [0x00007f1c751fa4c0, 0x00007f1c751fa640]
Event: 2.276 Thread 0x00007f1c840dc800  621       1       java.util.zip.ZipFile::access$1400 (14 bytes)
Event: 2.276 Thread 0x00007f1c840dc800 nmethod 621 0x00007f1c751fa6d0 code [0x00007f1c751fa840, 0x00007f1c751fa940]
Event: 2.320 Thread 0x00007f1c840dc800  623       1       sun.misc.URLClassPath$JarLoader::findResource (18 bytes)
Event: 2.320 Thread 0x00007f1c840dc800 nmethod 623 0x00007f1c751fad50 code [0x00007f1c751faec0, 0x00007f1c751fb030]
Event: 2.328 Thread 0x00007f1c840dc800  624       1       java.util.jar.Attributes::putValue (17 bytes)
Event: 2.328 Thread 0x00007f1c840dc800 nmethod 624 0x00007f1c751fb0d0 code [0x00007f1c751fb240, 0x00007f1c751fb430]
Event: 2.328 Thread 0x00007f1c840dc800  625       1       java.util.jar.Attributes::put (18 bytes)
Event: 2.328 Thread 0x00007f1c840dc800 nmethod 625 0x00007f1c751fb550 code [0x00007f1c751fb6c0, 0x00007f1c751fb860]

GC Heap History (10 events):
Event: 2.435 GC heap after
Heap after GC invocations=11 (full 2):
 def new generation   total 4992K, used 0K [0x00000000f8200000, 0x00000000f8760000, 0x00000000fac00000)
  eden space 4480K,   0% used [0x00000000f8200000, 0x00000000f8200000, 0x00000000f8660000)
  from space 512K,   0% used [0x00000000f8660000, 0x00000000f8660000, 0x00000000f86e0000)
  to   space 512K,   0% used [0x00000000f86e0000, 0x00000000f86e0000, 0x00000000f8760000)
 tenured generation   total 10948K, used 6567K [0x00000000fac00000, 0x00000000fb6b1000, 0x0000000100000000)
   the space 10948K,  59% used [0x00000000fac00000, 0x00000000fb269fa0, 0x00000000fb26a000, 0x00000000fb6b1000)
 Metaspace       used 8101K, capacity 8292K, committed 8576K, reserved 1056768K
  class space    used 980K, capacity 1060K, committed 1152K, reserved 1048576K
}
Event: 2.512 GC heap before
{Heap before GC invocations=11 (full 2):
 def new generation   total 4992K, used 2452K [0x00000000f8200000, 0x00000000f8760000, 0x00000000fac00000)
  eden space 4480K,  54% used [0x00000000f8200000, 0x00000000f84653c0, 0x00000000f8660000)
  from space 512K,   0% used [0x00000000f8660000, 0x00000000f8660000, 0x00000000f86e0000)
  to   space 512K,   0% used [0x00000000f86e0000, 0x00000000f86e0000, 0x00000000f8760000)
 tenured generation   total 10948K, used 6567K [0x00000000fac00000, 0x00000000fb6b1000, 0x0000000100000000)
   the space 10948K,  59% used [0x00000000fac00000, 0x00000000fb269fa0, 0x00000000fb26a000, 0x00000000fb6b1000)
 Metaspace       used 8101K, capacity 8292K, committed 8576K, reserved 1056768K
  class space    used 980K, capacity 1060K, committed 1152K, reserved 1048576K
Event: 2.538 GC heap after
Heap after GC invocations=12 (full 3):
 def new generation   total 5824K, used 0K [0x00000000f8200000, 0x00000000f8850000, 0x00000000fac00000)
  eden space 5184K,   0% used [0x00000000f8200000, 0x00000000f8200000, 0x00000000f8710000)
  from space 640K,   0% used [0x00000000f8710000, 0x00000000f8710000, 0x00000000f87b0000)
  to   space 640K,   0% used [0x00000000f87b0000, 0x00000000f87b0000, 0x00000000f8850000)
 tenured generation   total 12880K, used 7725K [0x00000000fac00000, 0x00000000fb894000, 0x0000000100000000)
   the space 12880K,  59% used [0x00000000fac00000, 0x00000000fb38b780, 0x00000000fb38b800, 0x00000000fb894000)
 Metaspace       used 8101K, capacity 8292K, committed 8576K, reserved 1056768K
  class space    used 980K, capacity 1060K, committed 1152K, reserved 1048576K
}
Event: 2.651 GC heap before
{Heap before GC invocations=12 (full 3):
 def new generation   total 5824K, used 4831K [0x00000000f8200000, 0x00000000f8850000, 0x00000000fac00000)
  eden space 5184K,  93% used [0x00000000f8200000, 0x00000000f86b7ed0, 0x00000000f8710000)
  from space 640K,   0% used [0x00000000f8710000, 0x00000000f8710000, 0x00000000f87b0000)
  to   space 640K,   0% used [0x00000000f87b0000, 0x00000000f87b0000, 0x00000000f8850000)
 tenured generation   total 12880K, used 7725K [0x00000000fac00000, 0x00000000fb894000, 0x0000000100000000)
   the space 12880K,  59% used [0x00000000fac00000, 0x00000000fb38b780, 0x00000000fb38b800, 0x00000000fb894000)
 Metaspace       used 8101K, capacity 8292K, committed 8576K, reserved 1056768K
  class space    used 980K, capacity 1060K, committed 1152K, reserved 1048576K
Event: 2.706 GC heap after
Heap after GC invocations=13 (full 4):
 def new generation   total 7488K, used 0K [0x00000000f8200000, 0x00000000f8a10000, 0x00000000fac00000)
  eden space 6720K,   0% used [0x00000000f8200000, 0x00000000f8200000, 0x00000000f8890000)
  from space 768K,   0% used [0x00000000f8890000, 0x00000000f8890000, 0x00000000f8950000)
  to   space 768K,   0% used [0x00000000f8950000, 0x00000000f8950000, 0x00000000f8a10000)
 tenured generation   total 16412K, used 9845K [0x00000000fac00000, 0x00000000fbc07000, 0x0000000100000000)
   the space 16412K,  59% used [0x00000000fac00000, 0x00000000fb59d6e0, 0x00000000fb59d800, 0x00000000fbc07000)
 Metaspace       used 8101K, capacity 8292K, committed 8576K, reserved 1056768K
  class space    used 980K, capacity 1060K, committed 1152K, reserved 1048576K
}
Event: 3.149 GC heap before
{Heap before GC invocations=13 (full 4):
 def new generation   total 7488K, used 527K [0x00000000f8200000, 0x00000000f8a10000, 0x00000000fac00000)
  eden space 6720K,   7% used [0x00000000f8200000, 0x00000000f8283c20, 0x00000000f8890000)
  from space 768K,   0% used [0x00000000f8890000, 0x00000000f8890000, 0x00000000f8950000)
  to   space 768K,   0% used [0x00000000f8950000, 0x00000000f8950000, 0x00000000f8a10000)
 tenured generation   total 25876K, used 19305K [0x00000000fac00000, 0x00000000fc545000, 0x0000000100000000)
   the space 25876K,  74% used [0x00000000fac00000, 0x00000000fbeda6f0, 0x00000000fbeda800, 0x00000000fc545000)
 Metaspace       used 8101K, capacity 8292K, committed 8576K, reserved 1056768K
  class space    used 980K, capacity 1060K, committed 1152K, reserved 1048576K
Event: 3.201 GC heap after
Heap after GC invocations=14 (full 5):
 def new generation   total 11712K, used 0K [0x00000000f8200000, 0x00000000f8eb0000, 0x00000000fac00000)
  eden space 10432K,   0% used [0x00000000f8200000, 0x00000000f8200000, 0x00000000f8c30000)
  from space 1280K,   0% used [0x00000000f8c30000, 0x00000000f8c30000, 0x00000000f8d70000)
  to   space 1280K,   0% used [0x00000000f8d70000, 0x00000000f8d70000, 0x00000000f8eb0000)
 tenured generation   total 25876K, used 14828K [0x00000000fac00000, 0x00000000fc545000, 0x0000000100000000)
   the space 25876K,  57% used [0x00000000fac00000, 0x00000000fba7b1a0, 0x00000000fba7b200, 0x00000000fc545000)
 Metaspace       used 8101K, capacity 8292K, committed 8576K, reserved 1056768K
  class space    used 980K, capacity 1060K, committed 1152K, reserved 1048576K
}
Event: 3.628 GC heap before
{Heap before GC invocations=14 (full 5):
 def new generation   total 11712K, used 613K [0x00000000f8200000, 0x00000000f8eb0000, 0x00000000fac00000)
  eden space 10432K,   5% used [0x00000000f8200000, 0x00000000f8299668, 0x00000000f8c30000)
  from space 1280K,   0% used [0x00000000f8c30000, 0x00000000f8c30000, 0x00000000f8d70000)
  to   space 1280K,   0% used [0x00000000f8d70000, 0x00000000f8d70000, 0x00000000f8eb0000)
 tenured generation   total 44800K, used 33748K [0x00000000fac00000, 0x00000000fd7c0000, 0x0000000100000000)
   the space 44800K,  75% used [0x00000000fac00000, 0x00000000fccf51b0, 0x00000000fccf5200, 0x00000000fd7c0000)
 Metaspace       used 8101K, capacity 8292K, committed 8576K, reserved 1056768K
  class space    used 980K, capacity 1060K, committed 1152K, reserved 1048576K
Event: 3.659 GC heap after
Heap after GC invocations=15 (full 6):
 def new generation   total 20224K, used 0K [0x00000000f8200000, 0x00000000f97f0000, 0x00000000fac00000)
  eden space 17984K,   0% used [0x00000000f8200000, 0x00000000f8200000, 0x00000000f9390000)
  from space 2240K,   0% used [0x00000000f9390000, 0x00000000f9390000, 0x00000000f95c0000)
  to   space 2240K,   0% used [0x00000000f95c0000, 0x00000000f95c0000, 0x00000000f97f0000)
 tenured generation   total 44800K, used 24600K [0x00000000fac00000, 0x00000000fd7c0000, 0x0000000100000000)
   the space 44800K,  54% used [0x00000000fac00000, 0x00000000fc406040, 0x00000000fc406200, 0x00000000fd7c0000)
 Metaspace       used 8101K, capacity 8292K, committed 8576K, reserved 1056768K
  class space    used 980K, capacity 1060K, committed 1152K, reserved 1048576K
}
Event: 4.047 GC heap before
{Heap before GC invocations=15 (full 6):
 def new generation   total 20224K, used 705K [0x00000000f8200000, 0x00000000f97f0000, 0x00000000fac00000)
  eden space 17984K,   3% used [0x00000000f8200000, 0x00000000f82b04d0, 0x00000000f9390000)
  from space 2240K,   0% used [0x00000000f9390000, 0x00000000f9390000, 0x00000000f95c0000)
  to   space 2240K,   0% used [0x00000000f95c0000, 0x00000000f95c0000, 0x00000000f97f0000)
 tenured generation   total 82644K, used 62440K [0x00000000fac00000, 0x00000000ffcb5000, 0x0000000100000000)
   the space 82644K,  75% used [0x00000000fac00000, 0x00000000fe8fa050, 0x00000000fe8fa200, 0x00000000ffcb5000)
 Metaspace       used 8101K, capacity 8292K, committed 8576K, reserved 1056768K
  class space    used 980K, capacity 1060K, committed 1152K, reserved 1048576K

Deoptimization events (0 events):
No events

Classes redefined (0 events):
No events

Internal exceptions (10 events):
Event: 1.379 Thread 0x00007f1c8400a800 Exception <a 'java/lang/ArrayIndexOutOfBoundsException'> (0x00000000f82b0790) thrown at [/scratch/jenkins/workspace/8-2-build-linux-amd64/jdk8u261/295/hotspot/src/share/vm/runtime/sharedRuntime.cpp, line 605]
Event: 1.380 Thread 0x00007f1c8400a800 Exception <a 'java/lang/ArrayIndexOutOfBoundsException'> (0x00000000f82b20e0) thrown at [/scratch/jenkins/workspace/8-2-build-linux-amd64/jdk8u261/295/hotspot/src/share/vm/runtime/sharedRuntime.cpp, line 605]
Event: 1.380 Thread 0x00007f1c8400a800 Exception <a 'java/lang/ArrayIndexOutOfBoundsException'> (0x00000000f82b38c0) thrown at [/scratch/jenkins/workspace/8-2-build-linux-amd64/jdk8u261/295/hotspot/src/share/vm/runtime/sharedRuntime.cpp, line 605]
Event: 1.389 Thread 0x00007f1c8400a800 Exception <a 'java/lang/ClassNotFoundException': ch/qos/logback/core/pattern/PatternLayoutEncoderBaseCustomizer> (0x00000000f82c14d8) thrown at [/scratch/jenkins/workspace/8-2-build-linux-amd64/jdk8u261/295/hotspot/src/share/vm/classfile/systemDictionary.
Event: 1.391 Thread 0x00007f1c8400a800 Exception <a 'java/lang/ArrayIndexOutOfBoundsException'> (0x00000000f82c4c00) thrown at [/scratch/jenkins/workspace/8-2-build-linux-amd64/jdk8u261/295/hotspot/src/share/vm/runtime/sharedRuntime.cpp, line 605]
Event: 1.392 Thread 0x00007f1c8400a800 Exception <a 'java/lang/ArrayIndexOutOfBoundsException'> (0x00000000f82c7888) thrown at [/scratch/jenkins/workspace/8-2-build-linux-amd64/jdk8u261/295/hotspot/src/share/vm/runtime/sharedRuntime.cpp, line 605]
Event: 1.403 Thread 0x00007f1c8400a800 Exception <a 'java/lang/ClassNotFoundException': ch/qos/logback/classic/encoder/PatternLayoutEncoderCustomizer> (0x00000000f82d6a68) thrown at [/scratch/jenkins/workspace/8-2-build-linux-amd64/jdk8u261/295/hotspot/src/share/vm/classfile/systemDictionary.c
Event: 1.409 Thread 0x00007f1c8400a800 Exception <a 'java/lang/ArrayIndexOutOfBoundsException'> (0x00000000f82d9bf0) thrown at [/scratch/jenkins/workspace/8-2-build-linux-amd64/jdk8u261/295/hotspot/src/share/vm/runtime/sharedRuntime.cpp, line 605]
Event: 1.728 Thread 0x00007f1c8400a800 Exception <a 'java/lang/NoSuchFieldError': method resolution failed> (0x00000000f841f468) thrown at [/scratch/jenkins/workspace/8-2-build-linux-amd64/jdk8u261/295/hotspot/src/share/vm/prims/methodHandles.cpp, line 1169]
Event: 1.755 Thread 0x00007f1c8400a800 Exception <a 'java/lang/NoSuchFieldError': method resolution failed> (0x00000000f820ca40) thrown at [/scratch/jenkins/workspace/8-2-build-linux-amd64/jdk8u261/295/hotspot/src/share/vm/prims/methodHandles.cpp, line 1169]

Events (10 events):
Event: 2.441 Executing VM operation: GenCollectForAllocation done
Event: 2.512 Executing VM operation: GenCollectForAllocation
Event: 2.544 Executing VM operation: GenCollectForAllocation done
Event: 2.651 Executing VM operation: GenCollectForAllocation
Event: 2.716 Executing VM operation: GenCollectForAllocation done
Event: 3.137 Executing VM operation: GenCollectForAllocation
Event: 3.211 Executing VM operation: GenCollectForAllocation done
Event: 3.628 Executing VM operation: GenCollectForAllocation
Event: 3.672 Executing VM operation: GenCollectForAllocation done
Event: 4.042 Executing VM operation: GenCollectForAllocation


Dynamic libraries:
f8200000-f97f0000 rw-p 00000000 00:00 0 
faa60000-fac00000 ---p 00000000 00:00 0 
fac00000-ffcb5000 rw-p 00000000 00:00 0 
ffcb5000-100000000 ---p 00000000 00:00 0 
100000000-100120000 rw-p 00000000 00:00 0 
100120000-140000000 ---p 00000000 00:00 0 
55771886b000-55771886c000 r-xp 00000000 ca:01 924628                     /usr/lib/jvm/jre1.8.0_261/bin/java
557718a6b000-557718a6c000 r--p 00000000 ca:01 924628                     /usr/lib/jvm/jre1.8.0_261/bin/java
557718a6c000-557718a6d000 rw-p 00001000 ca:01 924628                     /usr/lib/jvm/jre1.8.0_261/bin/java
557719ad1000-557719af2000 rw-p 00000000 00:00 0                          [heap]
7f1c54fff000-7f1c58000000 rw-p 00000000 00:00 0 
7f1c58000000-7f1c581fc000 rw-p 00000000 00:00 0 
7f1c581fc000-7f1c5c000000 ---p 00000000 00:00 0 
7f1c5c000000-7f1c5c021000 rw-p 00000000 00:00 0 
7f1c5c021000-7f1c60000000 ---p 00000000 00:00 0 
7f1c60000000-7f1c60021000 rw-p 00000000 00:00 0 
7f1c60021000-7f1c64000000 ---p 00000000 00:00 0 
7f1c64000000-7f1c64046000 rw-p 00000000 00:00 0 
7f1c64046000-7f1c68000000 ---p 00000000 00:00 0 
7f1c68000000-7f1c68021000 rw-p 00000000 00:00 0 
7f1c68021000-7f1c6c000000 ---p 00000000 00:00 0 
7f1c6c000000-7f1c6c021000 rw-p 00000000 00:00 0 
7f1c6c021000-7f1c70000000 ---p 00000000 00:00 0 
7f1c70000000-7f1c702d9000 rw-p 00000000 00:00 0 
7f1c702d9000-7f1c74000000 ---p 00000000 00:00 0 
7f1c75000000-7f1c75270000 rwxp 00000000 00:00 0 
7f1c75270000-7f1c84000000 ---p 00000000 00:00 0 
7f1c84000000-7f1c8444a000 rw-p 00000000 00:00 0 
7f1c8444a000-7f1c88000000 ---p 00000000 00:00 0 
7f1c88dc6000-7f1c88ddc000 r-xp 00000000 ca:01 924573                     /usr/lib/jvm/jre1.8.0_261/lib/amd64/libnet.so
7f1c88ddc000-7f1c88fdb000 ---p 00016000 ca:01 924573                     /usr/lib/jvm/jre1.8.0_261/lib/amd64/libnet.so
7f1c88fdb000-7f1c88fdc000 r--p 00015000 ca:01 924573                     /usr/lib/jvm/jre1.8.0_261/lib/amd64/libnet.so
7f1c88fdc000-7f1c88fdd000 rw-p 00016000 ca:01 924573                     /usr/lib/jvm/jre1.8.0_261/lib/amd64/libnet.so
7f1c88fdd000-7f1c89184000 r--s 028cb000 ca:01 526914                     /home/jester/.embulk/bin/embulk
7f1c89184000-7f1c89185000 ---p 00000000 00:00 0 
7f1c89185000-7f1c89285000 rw-p 00000000 00:00 0 
7f1c89285000-7f1c89288000 ---p 00000000 00:00 0 
7f1c89288000-7f1c89386000 rw-p 00000000 00:00 0 
7f1c89386000-7f1c89387000 ---p 00000000 00:00 0 
7f1c89387000-7f1c8938a000 ---p 00000000 00:00 0 
7f1c8938a000-7f1c89487000 rw-p 00000000 00:00 0 
7f1c89487000-7f1c89488000 ---p 00000000 00:00 0 
7f1c89488000-7f1c8948b000 ---p 00000000 00:00 0 
7f1c8948b000-7f1c89588000 rw-p 00000000 00:00 0 
7f1c89588000-7f1c8958b000 ---p 00000000 00:00 0 
7f1c8958b000-7f1c89689000 rw-p 00000000 00:00 0 
7f1c89689000-7f1c896dc000 r--p 00000000 ca:01 265480                     /usr/lib/locale/aa_DJ.utf8/LC_CTYPE
7f1c896dc000-7f1c896dd000 r--p 00000000 ca:01 269679                     /usr/lib/locale/aa_ET/LC_NUMERIC
7f1c896dd000-7f1c896de000 r--p 00000000 ca:01 2034                       /usr/lib/locale/en_US.utf8/LC_TIME
7f1c896de000-7f1c89956000 r--p 00000000 ca:01 265479                     /usr/lib/locale/aa_DJ.utf8/LC_COLLATE
7f1c89956000-7f1c8995d000 r--s 00000000 ca:01 268475                     /usr/lib/x86_64-linux-gnu/gconv/gconv-modules.cache
7f1c8995d000-7f1c89960000 ---p 00000000 00:00 0 
7f1c89960000-7f1c89a5e000 rw-p 00000000 00:00 0 
7f1c89a5e000-7f1c89a61000 ---p 00000000 00:00 0 
7f1c89a61000-7f1c89b5f000 rw-p 00000000 00:00 0 
7f1c89b5f000-7f1c89b60000 ---p 00000000 00:00 0 
7f1c89b60000-7f1c89cb0000 rw-p 00000000 00:00 0 
7f1c89cb0000-7f1c89e8c000 r--s 03e04000 ca:01 924580                     /usr/lib/jvm/jre1.8.0_261/lib/rt.jar
7f1c89e8c000-7f1c8a69d000 rw-p 00000000 00:00 0 
7f1c8a69d000-7f1c8a75d000 ---p 00000000 00:00 0 
7f1c8a75d000-7f1c8a786000 rw-p 00000000 00:00 0 
7f1c8a786000-7f1c8a788000 ---p 00000000 00:00 0 
7f1c8a788000-7f1c8a793000 rw-p 00000000 00:00 0 
7f1c8a793000-7f1c8a79d000 ---p 00000000 00:00 0 
7f1c8a79d000-7f1c8a7c6000 rw-p 00000000 00:00 0 
7f1c8a7c6000-7f1c8a7c7000 ---p 00000000 00:00 0 
7f1c8a7c7000-7f1c8a7d2000 rw-p 00000000 00:00 0 
7f1c8a7d2000-7f1c8ab88000 ---p 00000000 00:00 0 
7f1c8ab88000-7f1c8aba3000 r-xp 00000000 ca:01 924541                     /usr/lib/jvm/jre1.8.0_261/lib/amd64/libzip.so
7f1c8aba3000-7f1c8ada2000 ---p 0001b000 ca:01 924541                     /usr/lib/jvm/jre1.8.0_261/lib/amd64/libzip.so
7f1c8ada2000-7f1c8ada3000 r--p 0001a000 ca:01 924541                     /usr/lib/jvm/jre1.8.0_261/lib/amd64/libzip.so
7f1c8ada3000-7f1c8ada4000 rw-p 0001b000 ca:01 924541                     /usr/lib/jvm/jre1.8.0_261/lib/amd64/libzip.so
7f1c8ada4000-7f1c8ada7000 r--p 00000000 ca:01 265562                     /lib/x86_64-linux-gnu/libnss_files-2.28.so
7f1c8ada7000-7f1c8adae000 r-xp 00003000 ca:01 265562                     /lib/x86_64-linux-gnu/libnss_files-2.28.so
7f1c8adae000-7f1c8adb0000 r--p 0000a000 ca:01 265562                     /lib/x86_64-linux-gnu/libnss_files-2.28.so
7f1c8adb0000-7f1c8adb1000 ---p 0000c000 ca:01 265562                     /lib/x86_64-linux-gnu/libnss_files-2.28.so
7f1c8adb1000-7f1c8adb2000 r--p 0000c000 ca:01 265562                     /lib/x86_64-linux-gnu/libnss_files-2.28.so
7f1c8adb2000-7f1c8adb3000 rw-p 0000d000 ca:01 265562                     /lib/x86_64-linux-gnu/libnss_files-2.28.so
7f1c8adb3000-7f1c8adb9000 rw-p 00000000 00:00 0 
7f1c8adb9000-7f1c8adba000 r--p 00000000 ca:01 1526                       /usr/lib/locale/chr_US/LC_MONETARY
7f1c8adba000-7f1c8adc2000 rw-s 00000000 ca:01 281913                     /tmp/hsperfdata_jester/28472
7f1c8adc2000-7f1c8adee000 r-xp 00000000 ca:01 924552                     /usr/lib/jvm/jre1.8.0_261/lib/amd64/libjava.so
7f1c8adee000-7f1c8afee000 ---p 0002c000 ca:01 924552                     /usr/lib/jvm/jre1.8.0_261/lib/amd64/libjava.so
7f1c8afee000-7f1c8afef000 r--p 0002c000 ca:01 924552                     /usr/lib/jvm/jre1.8.0_261/lib/amd64/libjava.so
7f1c8afef000-7f1c8aff1000 rw-p 0002d000 ca:01 924552                     /usr/lib/jvm/jre1.8.0_261/lib/amd64/libjava.so
7f1c8aff1000-7f1c8affe000 r-xp 00000000 ca:01 924553                     /usr/lib/jvm/jre1.8.0_261/lib/amd64/libverify.so
7f1c8affe000-7f1c8b1fd000 ---p 0000d000 ca:01 924553                     /usr/lib/jvm/jre1.8.0_261/lib/amd64/libverify.so
7f1c8b1fd000-7f1c8b1ff000 r--p 0000c000 ca:01 924553                     /usr/lib/jvm/jre1.8.0_261/lib/amd64/libverify.so
7f1c8b1ff000-7f1c8b200000 rw-p 0000e000 ca:01 924553                     /usr/lib/jvm/jre1.8.0_261/lib/amd64/libverify.so
7f1c8b200000-7f1c8b202000 r--p 00000000 ca:01 265570                     /lib/x86_64-linux-gnu/librt-2.28.so
7f1c8b202000-7f1c8b206000 r-xp 00002000 ca:01 265570                     /lib/x86_64-linux-gnu/librt-2.28.so
7f1c8b206000-7f1c8b208000 r--p 00006000 ca:01 265570                     /lib/x86_64-linux-gnu/librt-2.28.so
7f1c8b208000-7f1c8b209000 r--p 00007000 ca:01 265570                     /lib/x86_64-linux-gnu/librt-2.28.so
7f1c8b209000-7f1c8b20a000 rw-p 00008000 ca:01 265570                     /lib/x86_64-linux-gnu/librt-2.28.so
7f1c8b20a000-7f1c8b20b000 ---p 00000000 00:00 0 
7f1c8b20b000-7f1c8b20e000 ---p 00000000 00:00 0 
7f1c8b20e000-7f1c8b30b000 rw-p 00000000 00:00 0 
7f1c8b30b000-7f1c8b318000 r--p 00000000 ca:01 265556                     /lib/x86_64-linux-gnu/libm-2.28.so
7f1c8b318000-7f1c8b3b7000 r-xp 0000d000 ca:01 265556                     /lib/x86_64-linux-gnu/libm-2.28.so
7f1c8b3b7000-7f1c8b48c000 r--p 000ac000 ca:01 265556                     /lib/x86_64-linux-gnu/libm-2.28.so
7f1c8b48c000-7f1c8b48d000 r--p 00180000 ca:01 265556                     /lib/x86_64-linux-gnu/libm-2.28.so
7f1c8b48d000-7f1c8b48e000 rw-p 00181000 ca:01 265556                     /lib/x86_64-linux-gnu/libm-2.28.so
7f1c8b48e000-7f1c8c182000 r-xp 00000000 ca:01 924520                     /usr/lib/jvm/jre1.8.0_261/lib/amd64/server/libjvm.so
7f1c8c182000-7f1c8c381000 ---p 00cf4000 ca:01 924520                     /usr/lib/jvm/jre1.8.0_261/lib/amd64/server/libjvm.so
7f1c8c381000-7f1c8c417000 r--p 00cf3000 ca:01 924520                     /usr/lib/jvm/jre1.8.0_261/lib/amd64/server/libjvm.so
7f1c8c417000-7f1c8c448000 rw-p 00d89000 ca:01 924520                     /usr/lib/jvm/jre1.8.0_261/lib/amd64/server/libjvm.so
7f1c8c448000-7f1c8c485000 rw-p 00000000 00:00 0 
7f1c8c485000-7f1c8c4a7000 r--p 00000000 ca:01 265553                     /lib/x86_64-linux-gnu/libc-2.28.so
7f1c8c4a7000-7f1c8c5ef000 r-xp 00022000 ca:01 265553                     /lib/x86_64-linux-gnu/libc-2.28.so
7f1c8c5ef000-7f1c8c63b000 r--p 0016a000 ca:01 265553                     /lib/x86_64-linux-gnu/libc-2.28.so
7f1c8c63b000-7f1c8c63c000 ---p 001b6000 ca:01 265553                     /lib/x86_64-linux-gnu/libc-2.28.so
7f1c8c63c000-7f1c8c640000 r--p 001b6000 ca:01 265553                     /lib/x86_64-linux-gnu/libc-2.28.so
7f1c8c640000-7f1c8c642000 rw-p 001ba000 ca:01 265553                     /lib/x86_64-linux-gnu/libc-2.28.so
7f1c8c642000-7f1c8c646000 rw-p 00000000 00:00 0 
7f1c8c646000-7f1c8c647000 r--p 00000000 ca:01 265555                     /lib/x86_64-linux-gnu/libdl-2.28.so
7f1c8c647000-7f1c8c648000 r-xp 00001000 ca:01 265555                     /lib/x86_64-linux-gnu/libdl-2.28.so
7f1c8c648000-7f1c8c649000 r--p 00002000 ca:01 265555                     /lib/x86_64-linux-gnu/libdl-2.28.so
7f1c8c649000-7f1c8c64a000 r--p 00002000 ca:01 265555                     /lib/x86_64-linux-gnu/libdl-2.28.so
7f1c8c64a000-7f1c8c64b000 rw-p 00003000 ca:01 265555                     /lib/x86_64-linux-gnu/libdl-2.28.so
7f1c8c64b000-7f1c8c662000 r-xp 00000000 ca:01 924546                     /usr/lib/jvm/jre1.8.0_261/lib/amd64/jli/libjli.so
7f1c8c662000-7f1c8c861000 ---p 00017000 ca:01 924546                     /usr/lib/jvm/jre1.8.0_261/lib/amd64/jli/libjli.so
7f1c8c861000-7f1c8c862000 r--p 00016000 ca:01 924546                     /usr/lib/jvm/jre1.8.0_261/lib/amd64/jli/libjli.so
7f1c8c862000-7f1c8c863000 rw-p 00017000 ca:01 924546                     /usr/lib/jvm/jre1.8.0_261/lib/amd64/jli/libjli.so
7f1c8c863000-7f1c8c869000 r--p 00000000 ca:01 265567                     /lib/x86_64-linux-gnu/libpthread-2.28.so
7f1c8c869000-7f1c8c878000 r-xp 00006000 ca:01 265567                     /lib/x86_64-linux-gnu/libpthread-2.28.so
7f1c8c878000-7f1c8c87e000 r--p 00015000 ca:01 265567                     /lib/x86_64-linux-gnu/libpthread-2.28.so
7f1c8c87e000-7f1c8c87f000 r--p 0001a000 ca:01 265567                     /lib/x86_64-linux-gnu/libpthread-2.28.so
7f1c8c87f000-7f1c8c880000 rw-p 0001b000 ca:01 265567                     /lib/x86_64-linux-gnu/libpthread-2.28.so
7f1c8c880000-7f1c8c886000 rw-p 00000000 00:00 0 
7f1c8c886000-7f1c8c887000 r--p 00000000 ca:01 1813                       /usr/lib/locale/en_AG/LC_MESSAGES/SYS_LC_MESSAGES
7f1c8c887000-7f1c8c888000 r--p 00000000 ca:01 1528                       /usr/lib/locale/chr_US/LC_PAPER
7f1c8c888000-7f1c8c889000 r--p 00000000 ca:01 529998                     /usr/lib/locale/bi_VU/LC_NAME
7f1c8c889000-7f1c8c88a000 r--p 00000000 ca:01 2031                       /usr/lib/locale/en_US.utf8/LC_ADDRESS
7f1c8c88a000-7f1c8c88b000 r--p 00000000 ca:01 1529                       /usr/lib/locale/chr_US/LC_TELEPHONE
7f1c8c88b000-7f1c8c88c000 r--p 00000000 ca:01 1524                       /usr/lib/locale/chr_US/LC_MEASUREMENT
7f1c8c88c000-7f1c8c88d000 r--p 00000000 ca:01 2033                       /usr/lib/locale/en_US.utf8/LC_IDENTIFICATION
7f1c8c88d000-7f1c8c88e000 rw-p 00000000 00:00 0 
7f1c8c88e000-7f1c8c88f000 ---p 00000000 00:00 0 
7f1c8c88f000-7f1c8c890000 r--p 00000000 ca:01 265548                     /lib/x86_64-linux-gnu/ld-2.28.so
7f1c8c890000-7f1c8c8ae000 r-xp 00001000 ca:01 265548                     /lib/x86_64-linux-gnu/ld-2.28.so
7f1c8c8ae000-7f1c8c8b6000 r--p 0001f000 ca:01 265548                     /lib/x86_64-linux-gnu/ld-2.28.so
7f1c8c8b6000-7f1c8c8b7000 r--p 00026000 ca:01 265548                     /lib/x86_64-linux-gnu/ld-2.28.so
7f1c8c8b7000-7f1c8c8b8000 rw-p 00027000 ca:01 265548                     /lib/x86_64-linux-gnu/ld-2.28.so
7f1c8c8b8000-7f1c8c8b9000 rw-p 00000000 00:00 0 
7ffdef0bd000-7ffdef0de000 rw-p 00000000 00:00 0                          [stack]
7ffdef17c000-7ffdef17f000 r--p 00000000 00:00 0                          [vvar]
7ffdef17f000-7ffdef181000 r-xp 00000000 00:00 0                          [vdso]

VM Arguments:
jvm_args: -XX:+AggressiveOpts -XX:+TieredCompilation -XX:TieredStopAtLevel=1 -Xverify:none 
java_command: /home/jester/.embulk/bin/embulk guess seed_pageviews1.yml -o config_pageviews1.yml
java_class_path (initial): /home/jester/.embulk/bin/embulk
Launcher Type: SUN_STANDARD

Environment Variables:
JAVA_HOME=/usr/bin/jvm
PATH=/usr/lib/jvm/java-11-openjdk-amd64/bin/javac:/home/jester/.embulk/bin:/home/jester/bin:/usr/local/bin:/usr/bin:/bin:/usr/local/games:/usr/games
SHELL=/bin/bash

Signal Handlers:
SIGSEGV: [libjvm.so+0xade140], sa_mask[0]=11111111011111111101111111111110, sa_flags=SA_RESTART|SA_SIGINFO
SIGBUS: [libjvm.so+0xade140], sa_mask[0]=11111111011111111101111111111110, sa_flags=SA_RESTART|SA_SIGINFO
SIGFPE: [libjvm.so+0x912c70], sa_mask[0]=11111111011111111101111111111110, sa_flags=SA_RESTART|SA_SIGINFO
SIGPIPE: [libjvm.so+0x912c70], sa_mask[0]=11111111011111111101111111111110, sa_flags=SA_RESTART|SA_SIGINFO
SIGXFSZ: [libjvm.so+0x912c70], sa_mask[0]=11111111011111111101111111111110, sa_flags=SA_RESTART|SA_SIGINFO
SIGILL: [libjvm.so+0x912c70], sa_mask[0]=11111111011111111101111111111110, sa_flags=SA_RESTART|SA_SIGINFO
SIGUSR1: SIG_DFL, sa_mask[0]=00000000000000000000000000000000, sa_flags=none
SIGUSR2: [libjvm.so+0x912b40], sa_mask[0]=00100000000000000000000000000000, sa_flags=SA_RESTART|SA_SIGINFO
SIGHUP: [libjvm.so+0x913160], sa_mask[0]=11111111011111111101111111111110, sa_flags=SA_RESTART|SA_SIGINFO
SIGINT: [libjvm.so+0x913160], sa_mask[0]=11111111011111111101111111111110, sa_flags=SA_RESTART|SA_SIGINFO
SIGTERM: [libjvm.so+0x913160], sa_mask[0]=11111111011111111101111111111110, sa_flags=SA_RESTART|SA_SIGINFO
SIGQUIT: [libjvm.so+0x913160], sa_mask[0]=11111111011111111101111111111110, sa_flags=SA_RESTART|SA_SIGINFO


---------------  S Y S T E M  ---------------

OS:PRETTY_NAME="Debian GNU/Linux 10 (buster)"
NAME="Debian GNU/Linux"
VERSION_ID="10"
VERSION="10 (buster)"
VERSION_CODENAME=buster
ID=debian
HOME_URL="https://www.debian.org/"
SUPPORT_URL="https://www.debian.org/support"
BUG_REPORT_URL="https://bugs.debian.org/"

uname:Linux 4.19.0-8-amd64 #1 SMP Debian 4.19.98-1+deb10u1 (2020-04-27) x86_64
libc:glibc 2.28 NPTL 2.28 
rlimit: STACK 8192k, CORE 0k, NPROC 1809, NOFILE 1048576, AS infinity
load average:7.69 2.13 0.79

/proc/meminfo:
MemTotal:         492532 kB
MemFree:           94036 kB
MemAvailable:     123180 kB
Buffers:            1244 kB
Cached:            24024 kB
SwapCached:            0 kB
Active:           302712 kB
Inactive:          18176 kB
Active(anon):     296040 kB
Inactive(anon):     6020 kB
Active(file):       6672 kB
Inactive(file):    12156 kB
Unevictable:           0 kB
Mlocked:               0 kB
SwapTotal:             0 kB
SwapFree:              0 kB
Dirty:               140 kB
Writeback:             0 kB
AnonPages:        295688 kB
Mapped:            10624 kB
Shmem:              6372 kB
Slab:              53264 kB
SReclaimable:      22900 kB
SUnreclaim:        30364 kB
KernelStack:        2208 kB
PageTables:         2376 kB
NFS_Unstable:          0 kB
Bounce:                0 kB
WritebackTmp:          0 kB
CommitLimit:      246264 kB
Committed_AS:    1194284 kB
VmallocTotal:   34359738367 kB
VmallocUsed:           0 kB
VmallocChunk:          0 kB
Percpu:             9408 kB
HardwareCorrupted:     0 kB
AnonHugePages:         0 kB
ShmemHugePages:        0 kB
ShmemPmdMapped:        0 kB
HugePages_Total:       0
HugePages_Free:        0
HugePages_Rsvd:        0
HugePages_Surp:        0
Hugepagesize:       2048 kB
Hugetlb:               0 kB
DirectMap4k:      395264 kB
DirectMap2M:      129024 kB

container (cgroup) information:
container_type: cgroupv1
cpu_cpuset_cpus: 0
cpu_memory_nodes: 0
active_processor_count: 1
cpu_quota: -1
cpu_period: 100000
cpu_shares: -1
memory_limit_in_bytes: -1
memory_and_swap_limit_in_bytes: -2
memory_soft_limit_in_bytes: -1
memory_usage_in_bytes: 205807616
memory_max_usage_in_bytes: 308310016


CPU:total 1 (initial active 1) (1 cores per cpu, 1 threads per core) family 6 model 63 stepping 2, cmov, cx8, fxsr, mmx, sse, sse2, sse3, ssse3, sse4.1, sse4.2, popcnt, avx, avx2, aes, clmul, erms, lzcnt, tsc, bmi1, bmi2

/proc/cpuinfo:
processor	: 0
vendor_id	: GenuineIntel
cpu family	: 6
model		: 63
model name	: Intel(R) Xeon(R) CPU E5-2676 v3 @ 2.40GHz
stepping	: 2
microcode	: 0x43
cpu MHz		: 2400.029
cache size	: 30720 KB
physical id	: 0
siblings	: 1
core id		: 0
cpu cores	: 1
apicid		: 0
initial apicid	: 0
fpu		: yes
fpu_exception	: yes
cpuid level	: 13
wp		: yes
flags		: fpu vme de pse tsc msr pae mce cx8 apic sep mtrr pge mca cmov pat pse36 clflush mmx fxsr sse sse2 ht syscall nx rdtscp lm constant_tsc rep_good nopl xtopology cpuid pni pclmulqdq ssse3 fma cx16 pcid sse4_1 sse4_2 x2apic movbe popcnt tsc_deadline_timer aes xsave avx f16c rdrand hypervisor lahf_lm abm cpuid_fault invpcid_single pti fsgsbase bmi1 avx2 smep bmi2 erms invpcid xsaveopt
bugs		: cpu_meltdown spectre_v1 spectre_v2 spec_store_bypass l1tf mds swapgs itlb_multihit
bogomips	: 4800.07
clflush size	: 64
cache_alignment	: 64
address sizes	: 46 bits physical, 48 bits virtual
power management:



Memory: 4k page, physical 492532k(93912k free), swap 0k(0k free)

vm_info: Java HotSpot(TM) 64-Bit Server VM (25.261-b12) for linux-amd64 JRE (1.8.0_261-b12), built on Jun 17 2020 23:41:40 by "java_re" with gcc 7.3.0

time: Tue Jul 21 22:28:16 2020
timezone: UTC
elapsed time: 59 seconds (0d 0h 0m 59s)

