#
# There is insufficient memory for the Java Runtime Environment to continue.
# Native memory allocation (mmap) failed to map 19333120 bytes for committing reserved memory.
# Possible reasons:
#   The system is out of physical RAM or swap space
#   The process is running with CompressedOops enabled, and the Java Heap may be blocking the growth of the native heap
# Possible solutions:
#   Reduce memory load on the system
#   Increase physical memory or swap space
#   Check if swap backing store is full
#   Decrease Java heap size (-Xmx/-Xms)
#   Decrease number of Java threads
#   Decrease Java thread stack sizes (-Xss)
#   Set larger code cache with -XX:ReservedCodeCacheSize=
#   JVM is running with Unscaled Compressed Oops mode in which the Java heap is
#     placed in the first 4GB address space. The Java Heap base address is the
#     maximum limit for the native heap growth. Please use -XX:HeapBaseMinAddress
#     to set the Java Heap base and to place the Java Heap above 4GB virtual address.
# This output file may be truncated or incomplete.
#
#  Out of Memory Error (os_linux.cpp:2749), pid=28468, tid=0x00007f4578d02700
#
# JRE version: Java(TM) SE Runtime Environment (8.0_261-b12) (build 1.8.0_261-b12)
# Java VM: Java HotSpot(TM) 64-Bit Server VM (25.261-b12 mixed mode linux-amd64 compressed oops)
# Failed to write core dump. Core dumps have been disabled. To enable core dumping, try "ulimit -c unlimited" before starting Java again
#

---------------  T H R E A D  ---------------

Current thread (0x00007f4588096000):  VMThread [stack: 0x00007f4578c03000,0x00007f4578d03000] [id=28480]

Stack: [0x00007f4578c03000,0x00007f4578d03000],  sp=0x00007f4578d01480,  free space=1017k
Native frames: (J=compiled Java code, j=interpreted, Vv=VM code, C=native code)
V  [libjvm.so+0xadd805]  VMError::report_and_die()+0x2e5
V  [libjvm.so+0x4e2a47]  report_vm_out_of_memory(char const*, int, unsigned long, VMErrorType, char const*)+0x67
V  [libjvm.so+0x9176e0]  os::pd_commit_memory(char*, unsigned long, unsigned long, bool)+0x100
V  [libjvm.so+0x90ed0f]  os::commit_memory(char*, unsigned long, unsigned long, bool)+0x1f
V  [libjvm.so+0xada020]  VirtualSpace::expand_by(unsigned long, bool)+0x140
V  [libjvm.so+0x4e865e]  DefNewGeneration::compute_new_size()+0x1fe
V  [libjvm.so+0x5db375]  GenCollectedHeap::do_collection(bool, bool, unsigned long, bool, int)+0xa05
V  [libjvm.so+0x462e5c]  GenCollectorPolicy::satisfy_failed_allocation(unsigned long, bool)+0xfc
V  [libjvm.so+0xade69f]  VM_GenCollectForAllocation::doit()+0x8f
V  [libjvm.so+0xae45a6]  VM_Operation::evaluate()+0x46
V  [libjvm.so+0xae28dd]  VMThread::evaluate_operation(VM_Operation*) [clone .constprop.44]+0xcd
V  [libjvm.so+0xae2ec3]  VMThread::loop()+0x3a3
V  [libjvm.so+0xae3298]  VMThread::run()+0x78
V  [libjvm.so+0x914d12]  java_start(Thread*)+0x102

VM_Operation (0x00007f458d3b64d0): GenCollectForAllocation, mode: safepoint, requested by thread 0x00007f458800a800


---------------  P R O C E S S  ---------------

Java Threads: ( => current thread )
  0x00007f45880f1800 JavaThread "Service Thread" daemon [_thread_blocked, id=28506, stack(0x00007f4578331000,0x00007f4578432000)]
  0x00007f45880dc800 JavaThread "C1 CompilerThread1" daemon [_thread_blocked, id=28501, stack(0x00007f4578433000,0x00007f4578533000)]
  0x00007f45880da800 JavaThread "C2 CompilerThread0" daemon [_thread_blocked, id=28497, stack(0x00007f4578534000,0x00007f4578634000)]
  0x00007f45880d6000 JavaThread "Signal Dispatcher" daemon [_thread_blocked, id=28492, stack(0x00007f4578634000,0x00007f4578735000)]
  0x00007f45880a4000 JavaThread "Finalizer" daemon [_thread_blocked, id=28488, stack(0x00007f4578a00000,0x00007f4578b01000)]
  0x00007f458809f800 JavaThread "Reference Handler" daemon [_thread_blocked, id=28484, stack(0x00007f4578b01000,0x00007f4578c02000)]
  0x00007f458800a800 JavaThread "main" [_thread_blocked, id=28476, stack(0x00007f458d2ba000,0x00007f458d3ba000)]

Other Threads:
=>0x00007f4588096000 VMThread [stack: 0x00007f4578c03000,0x00007f4578d03000] [id=28480]
  0x00007f45880f4800 WatcherThread [stack: 0x00007f4578231000,0x00007f4578331000] [id=28509]

VM state:at safepoint (normal execution)

VM Mutex/Monitor currently owned by a thread:  ([mutex/lock_event])
[0x00007f4588007460] ExpandHeap_lock - owner thread: 0x00007f4588096000
[0x00007f4588007ae0] Threads_lock - owner thread: 0x00007f4588096000
[0x00007f4588007fe0] Heap_lock - owner thread: 0x00007f458800a800

heap address: 0x00000000f8200000, size: 126 MB, Compressed Oops mode: 32-bit
Narrow klass base: 0x0000000000000000, Narrow klass shift: 3
Compressed class space size: 1073741824 Address: 0x0000000100000000

Heap:
 def new generation   total 20224K, used 0K [0x00000000f8200000, 0x00000000f97f0000, 0x00000000fac00000)
  eden space 17984K,   0% used [0x00000000f8200000, 0x00000000f8200000, 0x00000000f9390000)
  from space 2240K,   0% used [0x00000000f95c0000, 0x00000000f95c0000, 0x00000000f97f0000)
  to   space 2240K,   0% used [0x00000000f9390000, 0x00000000f9390000, 0x00000000f95c0000)
 tenured generation   total 82644K, used 43756K [0x00000000fac00000, 0x00000000ffcb5000, 0x0000000100000000)
   the space 82644K,  52% used [0x00000000fac00000, 0x00000000fd6bb378, 0x00000000fd6bb400, 0x00000000ffcb5000)
 Metaspace       used 8094K, capacity 8292K, committed 8576K, reserved 1056768K
  class space    used 980K, capacity 1060K, committed 1152K, reserved 1048576K

Card table byte_map: [0x00007f458c837000,0x00007f458c877000] byte_map_base: 0x00007f458c076000

Polling page: 0x00007f458e93d000

CodeCache: size=245760Kb used=2024Kb max_used=2024Kb free=243735Kb
 bounds [0x00007f4579000000, 0x00007f4579270000, 0x00007f4588000000]
 total_blobs=965 nmethods=623 adapters=257
 compilation: enabled

Compilation events (10 events):
Event: 2.282 Thread 0x00007f45880dc800  618       1       java.util.zip.ZipFile::ensureOpenOrZipException (18 bytes)
Event: 2.282 Thread 0x00007f45880dc800 nmethod 618 0x00007f45791f8c50 code [0x00007f45791f8dc0, 0x00007f45791f8f40]
Event: 2.283 Thread 0x00007f45880dc800  619       1       java.util.zip.ZipFile::access$1400 (14 bytes)
Event: 2.284 Thread 0x00007f45880dc800 nmethod 619 0x00007f45791f8fd0 code [0x00007f45791f9140, 0x00007f45791f9240]
Event: 2.327 Thread 0x00007f45880dc800  621       1       sun.misc.URLClassPath$JarLoader::findResource (18 bytes)
Event: 2.327 Thread 0x00007f45880dc800 nmethod 621 0x00007f45791f9650 code [0x00007f45791f97c0, 0x00007f45791f9930]
Event: 2.332 Thread 0x00007f45880dc800  622       1       java.util.jar.Attributes::putValue (17 bytes)
Event: 2.333 Thread 0x00007f45880dc800 nmethod 622 0x00007f45791f99d0 code [0x00007f45791f9b40, 0x00007f45791f9d30]
Event: 2.333 Thread 0x00007f45880dc800  623       1       java.util.jar.Attributes::put (18 bytes)
Event: 2.333 Thread 0x00007f45880dc800 nmethod 623 0x00007f45791f9e50 code [0x00007f45791f9fc0, 0x00007f45791fa160]

GC Heap History (10 events):
Event: 2.449 GC heap after
Heap after GC invocations=11 (full 2):
 def new generation   total 4992K, used 0K [0x00000000f8200000, 0x00000000f8760000, 0x00000000fac00000)
  eden space 4480K,   0% used [0x00000000f8200000, 0x00000000f8200000, 0x00000000f8660000)
  from space 512K,   0% used [0x00000000f8660000, 0x00000000f8660000, 0x00000000f86e0000)
  to   space 512K,   0% used [0x00000000f86e0000, 0x00000000f86e0000, 0x00000000f8760000)
 tenured generation   total 10948K, used 6567K [0x00000000fac00000, 0x00000000fb6b1000, 0x0000000100000000)
   the space 10948K,  59% used [0x00000000fac00000, 0x00000000fb269fa0, 0x00000000fb26a000, 0x00000000fb6b1000)
 Metaspace       used 8094K, capacity 8292K, committed 8576K, reserved 1056768K
  class space    used 980K, capacity 1060K, committed 1152K, reserved 1048576K
}
Event: 2.512 GC heap before
{Heap before GC invocations=11 (full 2):
 def new generation   total 4992K, used 2452K [0x00000000f8200000, 0x00000000f8760000, 0x00000000fac00000)
  eden space 4480K,  54% used [0x00000000f8200000, 0x00000000f84653c0, 0x00000000f8660000)
  from space 512K,   0% used [0x00000000f8660000, 0x00000000f8660000, 0x00000000f86e0000)
  to   space 512K,   0% used [0x00000000f86e0000, 0x00000000f86e0000, 0x00000000f8760000)
 tenured generation   total 10948K, used 6567K [0x00000000fac00000, 0x00000000fb6b1000, 0x0000000100000000)
   the space 10948K,  59% used [0x00000000fac00000, 0x00000000fb269fa0, 0x00000000fb26a000, 0x00000000fb6b1000)
 Metaspace       used 8094K, capacity 8292K, committed 8576K, reserved 1056768K
  class space    used 980K, capacity 1060K, committed 1152K, reserved 1048576K
Event: 2.546 GC heap after
Heap after GC invocations=12 (full 3):
 def new generation   total 5824K, used 0K [0x00000000f8200000, 0x00000000f8850000, 0x00000000fac00000)
  eden space 5184K,   0% used [0x00000000f8200000, 0x00000000f8200000, 0x00000000f8710000)
  from space 640K,   0% used [0x00000000f8710000, 0x00000000f8710000, 0x00000000f87b0000)
  to   space 640K,   0% used [0x00000000f87b0000, 0x00000000f87b0000, 0x00000000f8850000)
 tenured generation   total 12880K, used 7725K [0x00000000fac00000, 0x00000000fb894000, 0x0000000100000000)
   the space 12880K,  59% used [0x00000000fac00000, 0x00000000fb38b780, 0x00000000fb38b800, 0x00000000fb894000)
 Metaspace       used 8094K, capacity 8292K, committed 8576K, reserved 1056768K
  class space    used 980K, capacity 1060K, committed 1152K, reserved 1048576K
}
Event: 2.668 GC heap before
{Heap before GC invocations=12 (full 3):
 def new generation   total 5824K, used 4831K [0x00000000f8200000, 0x00000000f8850000, 0x00000000fac00000)
  eden space 5184K,  93% used [0x00000000f8200000, 0x00000000f86b7ed0, 0x00000000f8710000)
  from space 640K,   0% used [0x00000000f8710000, 0x00000000f8710000, 0x00000000f87b0000)
  to   space 640K,   0% used [0x00000000f87b0000, 0x00000000f87b0000, 0x00000000f8850000)
 tenured generation   total 12880K, used 7725K [0x00000000fac00000, 0x00000000fb894000, 0x0000000100000000)
   the space 12880K,  59% used [0x00000000fac00000, 0x00000000fb38b780, 0x00000000fb38b800, 0x00000000fb894000)
 Metaspace       used 8094K, capacity 8292K, committed 8576K, reserved 1056768K
  class space    used 980K, capacity 1060K, committed 1152K, reserved 1048576K
Event: 2.722 GC heap after
Heap after GC invocations=13 (full 4):
 def new generation   total 7488K, used 0K [0x00000000f8200000, 0x00000000f8a10000, 0x00000000fac00000)
  eden space 6720K,   0% used [0x00000000f8200000, 0x00000000f8200000, 0x00000000f8890000)
  from space 768K,   0% used [0x00000000f8890000, 0x00000000f8890000, 0x00000000f8950000)
  to   space 768K,   0% used [0x00000000f8950000, 0x00000000f8950000, 0x00000000f8a10000)
 tenured generation   total 16412K, used 9845K [0x00000000fac00000, 0x00000000fbc07000, 0x0000000100000000)
   the space 16412K,  59% used [0x00000000fac00000, 0x00000000fb59d6e0, 0x00000000fb59d800, 0x00000000fbc07000)
 Metaspace       used 8094K, capacity 8292K, committed 8576K, reserved 1056768K
  class space    used 980K, capacity 1060K, committed 1152K, reserved 1048576K
}
Event: 3.157 GC heap before
{Heap before GC invocations=13 (full 4):
 def new generation   total 7488K, used 527K [0x00000000f8200000, 0x00000000f8a10000, 0x00000000fac00000)
  eden space 6720K,   7% used [0x00000000f8200000, 0x00000000f8283c20, 0x00000000f8890000)
  from space 768K,   0% used [0x00000000f8890000, 0x00000000f8890000, 0x00000000f8950000)
  to   space 768K,   0% used [0x00000000f8950000, 0x00000000f8950000, 0x00000000f8a10000)
 tenured generation   total 25876K, used 19305K [0x00000000fac00000, 0x00000000fc545000, 0x0000000100000000)
   the space 25876K,  74% used [0x00000000fac00000, 0x00000000fbeda6f0, 0x00000000fbeda800, 0x00000000fc545000)
 Metaspace       used 8094K, capacity 8292K, committed 8576K, reserved 1056768K
  class space    used 980K, capacity 1060K, committed 1152K, reserved 1048576K
Event: 3.213 GC heap after
Heap after GC invocations=14 (full 5):
 def new generation   total 11712K, used 0K [0x00000000f8200000, 0x00000000f8eb0000, 0x00000000fac00000)
  eden space 10432K,   0% used [0x00000000f8200000, 0x00000000f8200000, 0x00000000f8c30000)
  from space 1280K,   0% used [0x00000000f8c30000, 0x00000000f8c30000, 0x00000000f8d70000)
  to   space 1280K,   0% used [0x00000000f8d70000, 0x00000000f8d70000, 0x00000000f8eb0000)
 tenured generation   total 25876K, used 14828K [0x00000000fac00000, 0x00000000fc545000, 0x0000000100000000)
   the space 25876K,  57% used [0x00000000fac00000, 0x00000000fba7b1a0, 0x00000000fba7b200, 0x00000000fc545000)
 Metaspace       used 8094K, capacity 8292K, committed 8576K, reserved 1056768K
  class space    used 980K, capacity 1060K, committed 1152K, reserved 1048576K
}
Event: 3.632 GC heap before
{Heap before GC invocations=14 (full 5):
 def new generation   total 11712K, used 613K [0x00000000f8200000, 0x00000000f8eb0000, 0x00000000fac00000)
  eden space 10432K,   5% used [0x00000000f8200000, 0x00000000f8299668, 0x00000000f8c30000)
  from space 1280K,   0% used [0x00000000f8c30000, 0x00000000f8c30000, 0x00000000f8d70000)
  to   space 1280K,   0% used [0x00000000f8d70000, 0x00000000f8d70000, 0x00000000f8eb0000)
 tenured generation   total 44800K, used 33748K [0x00000000fac00000, 0x00000000fd7c0000, 0x0000000100000000)
   the space 44800K,  75% used [0x00000000fac00000, 0x00000000fccf51b0, 0x00000000fccf5200, 0x00000000fd7c0000)
 Metaspace       used 8094K, capacity 8292K, committed 8576K, reserved 1056768K
  class space    used 980K, capacity 1060K, committed 1152K, reserved 1048576K
Event: 3.664 GC heap after
Heap after GC invocations=15 (full 6):
 def new generation   total 20224K, used 0K [0x00000000f8200000, 0x00000000f97f0000, 0x00000000fac00000)
  eden space 17984K,   0% used [0x00000000f8200000, 0x00000000f8200000, 0x00000000f9390000)
  from space 2240K,   0% used [0x00000000f9390000, 0x00000000f9390000, 0x00000000f95c0000)
  to   space 2240K,   0% used [0x00000000f95c0000, 0x00000000f95c0000, 0x00000000f97f0000)
 tenured generation   total 44800K, used 24600K [0x00000000fac00000, 0x00000000fd7c0000, 0x0000000100000000)
   the space 44800K,  54% used [0x00000000fac00000, 0x00000000fc406040, 0x00000000fc406200, 0x00000000fd7c0000)
 Metaspace       used 8094K, capacity 8292K, committed 8576K, reserved 1056768K
  class space    used 980K, capacity 1060K, committed 1152K, reserved 1048576K
}
Event: 4.055 GC heap before
{Heap before GC invocations=15 (full 6):
 def new generation   total 20224K, used 705K [0x00000000f8200000, 0x00000000f97f0000, 0x00000000fac00000)
  eden space 17984K,   3% used [0x00000000f8200000, 0x00000000f82b04e0, 0x00000000f9390000)
  from space 2240K,   0% used [0x00000000f9390000, 0x00000000f9390000, 0x00000000f95c0000)
  to   space 2240K,   0% used [0x00000000f95c0000, 0x00000000f95c0000, 0x00000000f97f0000)
 tenured generation   total 82644K, used 62440K [0x00000000fac00000, 0x00000000ffcb5000, 0x0000000100000000)
   the space 82644K,  75% used [0x00000000fac00000, 0x00000000fe8fa050, 0x00000000fe8fa200, 0x00000000ffcb5000)
 Metaspace       used 8094K, capacity 8292K, committed 8576K, reserved 1056768K
  class space    used 980K, capacity 1060K, committed 1152K, reserved 1048576K

Deoptimization events (0 events):
No events

Classes redefined (0 events):
No events

Internal exceptions (10 events):
Event: 1.387 Thread 0x00007f458800a800 Exception <a 'java/lang/ArrayIndexOutOfBoundsException'> (0x00000000f82b2aa8) thrown at [/scratch/jenkins/workspace/8-2-build-linux-amd64/jdk8u261/295/hotspot/src/share/vm/runtime/sharedRuntime.cpp, line 605]
Event: 1.389 Thread 0x00007f458800a800 Exception <a 'java/lang/ArrayIndexOutOfBoundsException'> (0x00000000f82b43f8) thrown at [/scratch/jenkins/workspace/8-2-build-linux-amd64/jdk8u261/295/hotspot/src/share/vm/runtime/sharedRuntime.cpp, line 605]
Event: 1.390 Thread 0x00007f458800a800 Exception <a 'java/lang/ArrayIndexOutOfBoundsException'> (0x00000000f82b5bd8) thrown at [/scratch/jenkins/workspace/8-2-build-linux-amd64/jdk8u261/295/hotspot/src/share/vm/runtime/sharedRuntime.cpp, line 605]
Event: 1.395 Thread 0x00007f458800a800 Exception <a 'java/lang/ClassNotFoundException': ch/qos/logback/core/pattern/PatternLayoutEncoderBaseCustomizer> (0x00000000f82c14f8) thrown at [/scratch/jenkins/workspace/8-2-build-linux-amd64/jdk8u261/295/hotspot/src/share/vm/classfile/systemDictionary.
Event: 1.398 Thread 0x00007f458800a800 Exception <a 'java/lang/ArrayIndexOutOfBoundsException'> (0x00000000f82c4c48) thrown at [/scratch/jenkins/workspace/8-2-build-linux-amd64/jdk8u261/295/hotspot/src/share/vm/runtime/sharedRuntime.cpp, line 605]
Event: 1.400 Thread 0x00007f458800a800 Exception <a 'java/lang/ArrayIndexOutOfBoundsException'> (0x00000000f82c78b8) thrown at [/scratch/jenkins/workspace/8-2-build-linux-amd64/jdk8u261/295/hotspot/src/share/vm/runtime/sharedRuntime.cpp, line 605]
Event: 1.410 Thread 0x00007f458800a800 Exception <a 'java/lang/ClassNotFoundException': ch/qos/logback/classic/encoder/PatternLayoutEncoderCustomizer> (0x00000000f82d6aa0) thrown at [/scratch/jenkins/workspace/8-2-build-linux-amd64/jdk8u261/295/hotspot/src/share/vm/classfile/systemDictionary.c
Event: 1.415 Thread 0x00007f458800a800 Exception <a 'java/lang/ArrayIndexOutOfBoundsException'> (0x00000000f82d9c00) thrown at [/scratch/jenkins/workspace/8-2-build-linux-amd64/jdk8u261/295/hotspot/src/share/vm/runtime/sharedRuntime.cpp, line 605]
Event: 1.727 Thread 0x00007f458800a800 Exception <a 'java/lang/NoSuchFieldError': method resolution failed> (0x00000000f841f1b8) thrown at [/scratch/jenkins/workspace/8-2-build-linux-amd64/jdk8u261/295/hotspot/src/share/vm/prims/methodHandles.cpp, line 1169]
Event: 1.768 Thread 0x00007f458800a800 Exception <a 'java/lang/NoSuchFieldError': method resolution failed> (0x00000000f820c7c8) thrown at [/scratch/jenkins/workspace/8-2-build-linux-amd64/jdk8u261/295/hotspot/src/share/vm/prims/methodHandles.cpp, line 1169]

Events (10 events):
Event: 2.456 Executing VM operation: GenCollectForAllocation done
Event: 2.512 Executing VM operation: GenCollectForAllocation
Event: 2.546 Executing VM operation: GenCollectForAllocation done
Event: 2.668 Executing VM operation: GenCollectForAllocation
Event: 2.734 Executing VM operation: GenCollectForAllocation done
Event: 3.145 Executing VM operation: GenCollectForAllocation
Event: 3.213 Executing VM operation: GenCollectForAllocation done
Event: 3.632 Executing VM operation: GenCollectForAllocation
Event: 3.675 Executing VM operation: GenCollectForAllocation done
Event: 4.050 Executing VM operation: GenCollectForAllocation


Dynamic libraries:
f8200000-f97f0000 rw-p 00000000 00:00 0 
faa60000-fac00000 ---p 00000000 00:00 0 
fac00000-ffcb5000 rw-p 00000000 00:00 0 
ffcb5000-100000000 ---p 00000000 00:00 0 
100000000-100120000 rw-p 00000000 00:00 0 
100120000-140000000 ---p 00000000 00:00 0 
555e7666d000-555e7666e000 r-xp 00000000 ca:01 924628                     /usr/lib/jvm/jre1.8.0_261/bin/java
555e7686d000-555e7686e000 r--p 00000000 ca:01 924628                     /usr/lib/jvm/jre1.8.0_261/bin/java
555e7686e000-555e7686f000 rw-p 00001000 ca:01 924628                     /usr/lib/jvm/jre1.8.0_261/bin/java
555e77845000-555e77866000 rw-p 00000000 00:00 0                          [heap]
7f4558de8000-7f455bde9000 rw-p 00000000 00:00 0 
7f455bde9000-7f455bdff000 r-xp 00000000 ca:01 924573                     /usr/lib/jvm/jre1.8.0_261/lib/amd64/libnet.so
7f455bdff000-7f455bffe000 ---p 00016000 ca:01 924573                     /usr/lib/jvm/jre1.8.0_261/lib/amd64/libnet.so
7f455bffe000-7f455bfff000 r--p 00015000 ca:01 924573                     /usr/lib/jvm/jre1.8.0_261/lib/amd64/libnet.so
7f455bfff000-7f455c000000 rw-p 00016000 ca:01 924573                     /usr/lib/jvm/jre1.8.0_261/lib/amd64/libnet.so
7f455c000000-7f455c20b000 rw-p 00000000 00:00 0 
7f455c20b000-7f4560000000 ---p 00000000 00:00 0 
7f4560000000-7f4560021000 rw-p 00000000 00:00 0 
7f4560021000-7f4564000000 ---p 00000000 00:00 0 
7f4564000000-7f4564021000 rw-p 00000000 00:00 0 
7f4564021000-7f4568000000 ---p 00000000 00:00 0 
7f4568000000-7f4568046000 rw-p 00000000 00:00 0 
7f4568046000-7f456c000000 ---p 00000000 00:00 0 
7f456c000000-7f456c021000 rw-p 00000000 00:00 0 
7f456c021000-7f4570000000 ---p 00000000 00:00 0 
7f4570000000-7f4570021000 rw-p 00000000 00:00 0 
7f4570021000-7f4574000000 ---p 00000000 00:00 0 
7f4574000000-7f45742d9000 rw-p 00000000 00:00 0 
7f45742d9000-7f4578000000 ---p 00000000 00:00 0 
7f4578089000-7f4578230000 r--s 028cb000 ca:01 526914                     /home/jester/.embulk/bin/embulk
7f4578230000-7f4578231000 ---p 00000000 00:00 0 
7f4578231000-7f4578331000 rw-p 00000000 00:00 0 
7f4578331000-7f4578334000 ---p 00000000 00:00 0 
7f4578334000-7f4578432000 rw-p 00000000 00:00 0 
7f4578432000-7f4578433000 ---p 00000000 00:00 0 
7f4578433000-7f4578436000 ---p 00000000 00:00 0 
7f4578436000-7f4578533000 rw-p 00000000 00:00 0 
7f4578533000-7f4578534000 ---p 00000000 00:00 0 
7f4578534000-7f4578537000 ---p 00000000 00:00 0 
7f4578537000-7f4578634000 rw-p 00000000 00:00 0 
7f4578634000-7f4578637000 ---p 00000000 00:00 0 
7f4578637000-7f4578735000 rw-p 00000000 00:00 0 
7f4578735000-7f4578788000 r--p 00000000 ca:01 265480                     /usr/lib/locale/aa_DJ.utf8/LC_CTYPE
7f4578788000-7f4578a00000 r--p 00000000 ca:01 265479                     /usr/lib/locale/aa_DJ.utf8/LC_COLLATE
7f4578a00000-7f4578a03000 ---p 00000000 00:00 0 
7f4578a03000-7f4578b01000 rw-p 00000000 00:00 0 
7f4578b01000-7f4578b04000 ---p 00000000 00:00 0 
7f4578b04000-7f4578c02000 rw-p 00000000 00:00 0 
7f4578c02000-7f4578c03000 ---p 00000000 00:00 0 
7f4578c03000-7f4578d53000 rw-p 00000000 00:00 0 
7f4578d53000-7f4578f2f000 r--s 03e04000 ca:01 924580                     /usr/lib/jvm/jre1.8.0_261/lib/rt.jar
7f4578f2f000-7f4579000000 rw-p 00000000 00:00 0 
7f4579000000-7f4579270000 rwxp 00000000 00:00 0 
7f4579270000-7f4588000000 ---p 00000000 00:00 0 
7f4588000000-7f4588442000 rw-p 00000000 00:00 0 
7f4588442000-7f458c000000 ---p 00000000 00:00 0 
7f458c003000-7f458c004000 r--p 00000000 ca:01 269679                     /usr/lib/locale/aa_ET/LC_NUMERIC
7f458c004000-7f458c005000 r--p 00000000 ca:01 2034                       /usr/lib/locale/en_US.utf8/LC_TIME
7f458c005000-7f458c00c000 r--s 00000000 ca:01 268475                     /usr/lib/x86_64-linux-gnu/gconv/gconv-modules.cache
7f458c00c000-7f458c74c000 rw-p 00000000 00:00 0 
7f458c74c000-7f458c80c000 ---p 00000000 00:00 0 
7f458c80c000-7f458c835000 rw-p 00000000 00:00 0 
7f458c835000-7f458c837000 ---p 00000000 00:00 0 
7f458c837000-7f458c842000 rw-p 00000000 00:00 0 
7f458c842000-7f458c84c000 ---p 00000000 00:00 0 
7f458c84c000-7f458c875000 rw-p 00000000 00:00 0 
7f458c875000-7f458c876000 ---p 00000000 00:00 0 
7f458c876000-7f458c881000 rw-p 00000000 00:00 0 
7f458c881000-7f458cc37000 ---p 00000000 00:00 0 
7f458cc37000-7f458cc52000 r-xp 00000000 ca:01 924541                     /usr/lib/jvm/jre1.8.0_261/lib/amd64/libzip.so
7f458cc52000-7f458ce51000 ---p 0001b000 ca:01 924541                     /usr/lib/jvm/jre1.8.0_261/lib/amd64/libzip.so
7f458ce51000-7f458ce52000 r--p 0001a000 ca:01 924541                     /usr/lib/jvm/jre1.8.0_261/lib/amd64/libzip.so
7f458ce52000-7f458ce53000 rw-p 0001b000 ca:01 924541                     /usr/lib/jvm/jre1.8.0_261/lib/amd64/libzip.so
7f458ce53000-7f458ce56000 r--p 00000000 ca:01 265562                     /lib/x86_64-linux-gnu/libnss_files-2.28.so
7f458ce56000-7f458ce5d000 r-xp 00003000 ca:01 265562                     /lib/x86_64-linux-gnu/libnss_files-2.28.so
7f458ce5d000-7f458ce5f000 r--p 0000a000 ca:01 265562                     /lib/x86_64-linux-gnu/libnss_files-2.28.so
7f458ce5f000-7f458ce60000 ---p 0000c000 ca:01 265562                     /lib/x86_64-linux-gnu/libnss_files-2.28.so
7f458ce60000-7f458ce61000 r--p 0000c000 ca:01 265562                     /lib/x86_64-linux-gnu/libnss_files-2.28.so
7f458ce61000-7f458ce62000 rw-p 0000d000 ca:01 265562                     /lib/x86_64-linux-gnu/libnss_files-2.28.so
7f458ce62000-7f458ce68000 rw-p 00000000 00:00 0 
7f458ce68000-7f458ce69000 r--p 00000000 ca:01 1526                       /usr/lib/locale/chr_US/LC_MONETARY
7f458ce69000-7f458ce71000 rw-s 00000000 ca:01 281911                     /tmp/hsperfdata_jester/28468
7f458ce71000-7f458ce9d000 r-xp 00000000 ca:01 924552                     /usr/lib/jvm/jre1.8.0_261/lib/amd64/libjava.so
7f458ce9d000-7f458d09d000 ---p 0002c000 ca:01 924552                     /usr/lib/jvm/jre1.8.0_261/lib/amd64/libjava.so
7f458d09d000-7f458d09e000 r--p 0002c000 ca:01 924552                     /usr/lib/jvm/jre1.8.0_261/lib/amd64/libjava.so
7f458d09e000-7f458d0a0000 rw-p 0002d000 ca:01 924552                     /usr/lib/jvm/jre1.8.0_261/lib/amd64/libjava.so
7f458d0a0000-7f458d0ad000 r-xp 00000000 ca:01 924553                     /usr/lib/jvm/jre1.8.0_261/lib/amd64/libverify.so
7f458d0ad000-7f458d2ac000 ---p 0000d000 ca:01 924553                     /usr/lib/jvm/jre1.8.0_261/lib/amd64/libverify.so
7f458d2ac000-7f458d2ae000 r--p 0000c000 ca:01 924553                     /usr/lib/jvm/jre1.8.0_261/lib/amd64/libverify.so
7f458d2ae000-7f458d2af000 rw-p 0000e000 ca:01 924553                     /usr/lib/jvm/jre1.8.0_261/lib/amd64/libverify.so
7f458d2af000-7f458d2b1000 r--p 00000000 ca:01 265570                     /lib/x86_64-linux-gnu/librt-2.28.so
7f458d2b1000-7f458d2b5000 r-xp 00002000 ca:01 265570                     /lib/x86_64-linux-gnu/librt-2.28.so
7f458d2b5000-7f458d2b7000 r--p 00006000 ca:01 265570                     /lib/x86_64-linux-gnu/librt-2.28.so
7f458d2b7000-7f458d2b8000 r--p 00007000 ca:01 265570                     /lib/x86_64-linux-gnu/librt-2.28.so
7f458d2b8000-7f458d2b9000 rw-p 00008000 ca:01 265570                     /lib/x86_64-linux-gnu/librt-2.28.so
7f458d2b9000-7f458d2ba000 ---p 00000000 00:00 0 
7f458d2ba000-7f458d2bd000 ---p 00000000 00:00 0 
7f458d2bd000-7f458d3ba000 rw-p 00000000 00:00 0 
7f458d3ba000-7f458d3c7000 r--p 00000000 ca:01 265556                     /lib/x86_64-linux-gnu/libm-2.28.so
7f458d3c7000-7f458d466000 r-xp 0000d000 ca:01 265556                     /lib/x86_64-linux-gnu/libm-2.28.so
7f458d466000-7f458d53b000 r--p 000ac000 ca:01 265556                     /lib/x86_64-linux-gnu/libm-2.28.so
7f458d53b000-7f458d53c000 r--p 00180000 ca:01 265556                     /lib/x86_64-linux-gnu/libm-2.28.so
7f458d53c000-7f458d53d000 rw-p 00181000 ca:01 265556                     /lib/x86_64-linux-gnu/libm-2.28.so
7f458d53d000-7f458e231000 r-xp 00000000 ca:01 924520                     /usr/lib/jvm/jre1.8.0_261/lib/amd64/server/libjvm.so
7f458e231000-7f458e430000 ---p 00cf4000 ca:01 924520                     /usr/lib/jvm/jre1.8.0_261/lib/amd64/server/libjvm.so
7f458e430000-7f458e4c6000 r--p 00cf3000 ca:01 924520                     /usr/lib/jvm/jre1.8.0_261/lib/amd64/server/libjvm.so
7f458e4c6000-7f458e4f7000 rw-p 00d89000 ca:01 924520                     /usr/lib/jvm/jre1.8.0_261/lib/amd64/server/libjvm.so
7f458e4f7000-7f458e534000 rw-p 00000000 00:00 0 
7f458e534000-7f458e556000 r--p 00000000 ca:01 265553                     /lib/x86_64-linux-gnu/libc-2.28.so
7f458e556000-7f458e69e000 r-xp 00022000 ca:01 265553                     /lib/x86_64-linux-gnu/libc-2.28.so
7f458e69e000-7f458e6ea000 r--p 0016a000 ca:01 265553                     /lib/x86_64-linux-gnu/libc-2.28.so
7f458e6ea000-7f458e6eb000 ---p 001b6000 ca:01 265553                     /lib/x86_64-linux-gnu/libc-2.28.so
7f458e6eb000-7f458e6ef000 r--p 001b6000 ca:01 265553                     /lib/x86_64-linux-gnu/libc-2.28.so
7f458e6ef000-7f458e6f1000 rw-p 001ba000 ca:01 265553                     /lib/x86_64-linux-gnu/libc-2.28.so
7f458e6f1000-7f458e6f5000 rw-p 00000000 00:00 0 
7f458e6f5000-7f458e6f6000 r--p 00000000 ca:01 265555                     /lib/x86_64-linux-gnu/libdl-2.28.so
7f458e6f6000-7f458e6f7000 r-xp 00001000 ca:01 265555                     /lib/x86_64-linux-gnu/libdl-2.28.so
7f458e6f7000-7f458e6f8000 r--p 00002000 ca:01 265555                     /lib/x86_64-linux-gnu/libdl-2.28.so
7f458e6f8000-7f458e6f9000 r--p 00002000 ca:01 265555                     /lib/x86_64-linux-gnu/libdl-2.28.so
7f458e6f9000-7f458e6fa000 rw-p 00003000 ca:01 265555                     /lib/x86_64-linux-gnu/libdl-2.28.so
7f458e6fa000-7f458e711000 r-xp 00000000 ca:01 924546                     /usr/lib/jvm/jre1.8.0_261/lib/amd64/jli/libjli.so
7f458e711000-7f458e910000 ---p 00017000 ca:01 924546                     /usr/lib/jvm/jre1.8.0_261/lib/amd64/jli/libjli.so
7f458e910000-7f458e911000 r--p 00016000 ca:01 924546                     /usr/lib/jvm/jre1.8.0_261/lib/amd64/jli/libjli.so
7f458e911000-7f458e912000 rw-p 00017000 ca:01 924546                     /usr/lib/jvm/jre1.8.0_261/lib/amd64/jli/libjli.so
7f458e912000-7f458e918000 r--p 00000000 ca:01 265567                     /lib/x86_64-linux-gnu/libpthread-2.28.so
7f458e918000-7f458e927000 r-xp 00006000 ca:01 265567                     /lib/x86_64-linux-gnu/libpthread-2.28.so
7f458e927000-7f458e92d000 r--p 00015000 ca:01 265567                     /lib/x86_64-linux-gnu/libpthread-2.28.so
7f458e92d000-7f458e92e000 r--p 0001a000 ca:01 265567                     /lib/x86_64-linux-gnu/libpthread-2.28.so
7f458e92e000-7f458e92f000 rw-p 0001b000 ca:01 265567                     /lib/x86_64-linux-gnu/libpthread-2.28.so
7f458e92f000-7f458e935000 rw-p 00000000 00:00 0 
7f458e935000-7f458e936000 r--p 00000000 ca:01 1813                       /usr/lib/locale/en_AG/LC_MESSAGES/SYS_LC_MESSAGES
7f458e936000-7f458e937000 r--p 00000000 ca:01 1528                       /usr/lib/locale/chr_US/LC_PAPER
7f458e937000-7f458e938000 r--p 00000000 ca:01 529998                     /usr/lib/locale/bi_VU/LC_NAME
7f458e938000-7f458e939000 r--p 00000000 ca:01 2031                       /usr/lib/locale/en_US.utf8/LC_ADDRESS
7f458e939000-7f458e93a000 r--p 00000000 ca:01 1529                       /usr/lib/locale/chr_US/LC_TELEPHONE
7f458e93a000-7f458e93b000 r--p 00000000 ca:01 1524                       /usr/lib/locale/chr_US/LC_MEASUREMENT
7f458e93b000-7f458e93c000 r--p 00000000 ca:01 2033                       /usr/lib/locale/en_US.utf8/LC_IDENTIFICATION
7f458e93c000-7f458e93d000 rw-p 00000000 00:00 0 
7f458e93d000-7f458e93e000 ---p 00000000 00:00 0 
7f458e93e000-7f458e93f000 r--p 00000000 ca:01 265548                     /lib/x86_64-linux-gnu/ld-2.28.so
7f458e93f000-7f458e95d000 r-xp 00001000 ca:01 265548                     /lib/x86_64-linux-gnu/ld-2.28.so
7f458e95d000-7f458e965000 r--p 0001f000 ca:01 265548                     /lib/x86_64-linux-gnu/ld-2.28.so
7f458e965000-7f458e966000 r--p 00026000 ca:01 265548                     /lib/x86_64-linux-gnu/ld-2.28.so
7f458e966000-7f458e967000 rw-p 00027000 ca:01 265548                     /lib/x86_64-linux-gnu/ld-2.28.so
7f458e967000-7f458e968000 rw-p 00000000 00:00 0 
7ffc0932c000-7ffc0934d000 rw-p 00000000 00:00 0                          [stack]
7ffc093fb000-7ffc093fe000 r--p 00000000 00:00 0                          [vvar]
7ffc093fe000-7ffc09400000 r-xp 00000000 00:00 0                          [vdso]

VM Arguments:
jvm_args: -XX:+AggressiveOpts -XX:+TieredCompilation -XX:TieredStopAtLevel=1 -Xverify:none 
java_command: /home/jester/.embulk/bin/embulk guess seed_customers2.yml -o config_customers2.yml
java_class_path (initial): /home/jester/.embulk/bin/embulk
Launcher Type: SUN_STANDARD

Environment Variables:
JAVA_HOME=/usr/bin/jvm
PATH=/usr/lib/jvm/java-11-openjdk-amd64/bin/javac:/home/jester/.embulk/bin:/home/jester/bin:/usr/local/bin:/usr/bin:/bin:/usr/local/games:/usr/games
SHELL=/bin/bash

Signal Handlers:
SIGSEGV: [libjvm.so+0xade140], sa_mask[0]=11111111011111111101111111111110, sa_flags=SA_RESTART|SA_SIGINFO
SIGBUS: [libjvm.so+0xade140], sa_mask[0]=11111111011111111101111111111110, sa_flags=SA_RESTART|SA_SIGINFO
SIGFPE: [libjvm.so+0x912c70], sa_mask[0]=11111111011111111101111111111110, sa_flags=SA_RESTART|SA_SIGINFO
SIGPIPE: [libjvm.so+0x912c70], sa_mask[0]=11111111011111111101111111111110, sa_flags=SA_RESTART|SA_SIGINFO
SIGXFSZ: [libjvm.so+0x912c70], sa_mask[0]=11111111011111111101111111111110, sa_flags=SA_RESTART|SA_SIGINFO
SIGILL: [libjvm.so+0x912c70], sa_mask[0]=11111111011111111101111111111110, sa_flags=SA_RESTART|SA_SIGINFO
SIGUSR1: SIG_DFL, sa_mask[0]=00000000000000000000000000000000, sa_flags=none
SIGUSR2: [libjvm.so+0x912b40], sa_mask[0]=00100000000000000000000000000000, sa_flags=SA_RESTART|SA_SIGINFO
SIGHUP: [libjvm.so+0x913160], sa_mask[0]=11111111011111111101111111111110, sa_flags=SA_RESTART|SA_SIGINFO
SIGINT: [libjvm.so+0x913160], sa_mask[0]=11111111011111111101111111111110, sa_flags=SA_RESTART|SA_SIGINFO
SIGTERM: [libjvm.so+0x913160], sa_mask[0]=11111111011111111101111111111110, sa_flags=SA_RESTART|SA_SIGINFO
SIGQUIT: [libjvm.so+0x913160], sa_mask[0]=11111111011111111101111111111110, sa_flags=SA_RESTART|SA_SIGINFO


---------------  S Y S T E M  ---------------

OS:PRETTY_NAME="Debian GNU/Linux 10 (buster)"
NAME="Debian GNU/Linux"
VERSION_ID="10"
VERSION="10 (buster)"
VERSION_CODENAME=buster
ID=debian
HOME_URL="https://www.debian.org/"
SUPPORT_URL="https://www.debian.org/support"
BUG_REPORT_URL="https://bugs.debian.org/"

uname:Linux 4.19.0-8-amd64 #1 SMP Debian 4.19.98-1+deb10u1 (2020-04-27) x86_64
libc:glibc 2.28 NPTL 2.28 
rlimit: STACK 8192k, CORE 0k, NPROC 1809, NOFILE 1048576, AS infinity
load average:7.69 2.13 0.79

/proc/meminfo:
MemTotal:         492532 kB
MemFree:           94160 kB
MemAvailable:     123192 kB
Buffers:            1244 kB
Cached:            23904 kB
SwapCached:            0 kB
Active:           302684 kB
Inactive:          18092 kB
Active(anon):     296040 kB
Inactive(anon):     6020 kB
Active(file):       6644 kB
Inactive(file):    12072 kB
Unevictable:           0 kB
Mlocked:               0 kB
SwapTotal:             0 kB
SwapFree:              0 kB
Dirty:               140 kB
Writeback:             0 kB
AnonPages:        295688 kB
Mapped:            10624 kB
Shmem:              6372 kB
Slab:              53264 kB
SReclaimable:      22900 kB
SUnreclaim:        30364 kB
KernelStack:        2208 kB
PageTables:         2376 kB
NFS_Unstable:          0 kB
Bounce:                0 kB
WritebackTmp:          0 kB
CommitLimit:      246264 kB
Committed_AS:    1194284 kB
VmallocTotal:   34359738367 kB
VmallocUsed:           0 kB
VmallocChunk:          0 kB
Percpu:             9408 kB
HardwareCorrupted:     0 kB
AnonHugePages:         0 kB
ShmemHugePages:        0 kB
ShmemPmdMapped:        0 kB
HugePages_Total:       0
HugePages_Free:        0
HugePages_Rsvd:        0
HugePages_Surp:        0
Hugepagesize:       2048 kB
Hugetlb:               0 kB
DirectMap4k:      395264 kB
DirectMap2M:      129024 kB

container (cgroup) information:
container_type: cgroupv1
cpu_cpuset_cpus: 0
cpu_memory_nodes: 0
active_processor_count: 1
cpu_quota: -1
cpu_period: 100000
cpu_shares: -1
memory_limit_in_bytes: -1
memory_and_swap_limit_in_bytes: -2
memory_soft_limit_in_bytes: -1
memory_usage_in_bytes: 205676544
memory_max_usage_in_bytes: 308310016


CPU:total 1 (initial active 1) (1 cores per cpu, 1 threads per core) family 6 model 63 stepping 2, cmov, cx8, fxsr, mmx, sse, sse2, sse3, ssse3, sse4.1, sse4.2, popcnt, avx, avx2, aes, clmul, erms, lzcnt, tsc, bmi1, bmi2

/proc/cpuinfo:
processor	: 0
vendor_id	: GenuineIntel
cpu family	: 6
model		: 63
model name	: Intel(R) Xeon(R) CPU E5-2676 v3 @ 2.40GHz
stepping	: 2
microcode	: 0x43
cpu MHz		: 2400.029
cache size	: 30720 KB
physical id	: 0
siblings	: 1
core id		: 0
cpu cores	: 1
apicid		: 0
initial apicid	: 0
fpu		: yes
fpu_exception	: yes
cpuid level	: 13
wp		: yes
flags		: fpu vme de pse tsc msr pae mce cx8 apic sep mtrr pge mca cmov pat pse36 clflush mmx fxsr sse sse2 ht syscall nx rdtscp lm constant_tsc rep_good nopl xtopology cpuid pni pclmulqdq ssse3 fma cx16 pcid sse4_1 sse4_2 x2apic movbe popcnt tsc_deadline_timer aes xsave avx f16c rdrand hypervisor lahf_lm abm cpuid_fault invpcid_single pti fsgsbase bmi1 avx2 smep bmi2 erms invpcid xsaveopt
bugs		: cpu_meltdown spectre_v1 spectre_v2 spec_store_bypass l1tf mds swapgs itlb_multihit
bogomips	: 4800.07
clflush size	: 64
cache_alignment	: 64
address sizes	: 46 bits physical, 48 bits virtual
power management:



Memory: 4k page, physical 492532k(93912k free), swap 0k(0k free)

vm_info: Java HotSpot(TM) 64-Bit Server VM (25.261-b12) for linux-amd64 JRE (1.8.0_261-b12), built on Jun 17 2020 23:41:40 by "java_re" with gcc 7.3.0

time: Tue Jul 21 22:28:16 2020
timezone: UTC
elapsed time: 59 seconds (0d 0h 0m 59s)

